[0m14:06:32.191535 [debug] [MainThread]: Sending event: {'category': 'dbt', 'action': 'invocation', 'label': 'start', 'context': [<snowplow_tracker.self_describing_json.SelfDescribingJson object at 0x00000251FFAC62A0>, <snowplow_tracker.self_describing_json.SelfDescribingJson object at 0x00000251FE8218E0>, <snowplow_tracker.self_describing_json.SelfDescribingJson object at 0x00000251FFAC4140>]}


============================== 14:06:32.278092 | 47d8ad78-6738-45a5-b9c5-915aa4250688 ==============================
[0m14:06:32.278092 [info ] [MainThread]: Running with dbt=1.10.6
[0m14:06:32.281565 [debug] [MainThread]: running dbt with arguments {'printer_width': '80', 'indirect_selection': 'eager', 'write_json': 'True', 'log_cache_events': 'False', 'partial_parse': 'True', 'cache_selected_only': 'False', 'profiles_dir': 'C:\\Users\\dri_f\\.dbt', 'version_check': 'True', 'warn_error': 'None', 'log_path': 'logs', 'fail_fast': 'False', 'debug': 'False', 'use_colors': 'True', 'use_experimental_parser': 'False', 'no_print': 'None', 'quiet': 'False', 'empty': 'None', 'log_format': 'default', 'invocation_command': 'dbt init', 'static_parser': 'True', 'introspect': 'True', 'target_path': 'None', 'warn_error_options': 'WarnErrorOptionsV2(error=[], warn=[], silence=[])', 'send_anonymous_usage_stats': 'True'}
[0m14:07:18.403068 [debug] [MainThread]: Starter project path: C:\Users\dri_f\Documents\Projetos\recomendacao_produtos\1_local_setup\.venv\Lib\site-packages\dbt\include\starter_project
[0m14:07:18.441081 [info ] [MainThread]: 
Your new dbt project "recomendacao_projetos" was created!

For more information on how to configure the profiles.yml file,
please consult the dbt documentation here:

  https://docs.getdbt.com/docs/configure-your-profile

One more thing:

Need help? Don't hesitate to reach out to us via GitHub issues or on Slack:

  https://community.getdbt.com/

Happy modeling!

[0m14:07:18.442087 [info ] [MainThread]: Setting up your profile.
[0m14:18:39.331596 [info ] [MainThread]: Profile recomendacao_projetos written to C:\Users\dri_f\.dbt\profiles.yml using target's profile_template.yml and your supplied values. Run 'dbt debug' to validate the connection.
[0m14:18:39.335661 [debug] [MainThread]: Command `dbt init` succeeded at 14:18:39.335661 after 727.38 seconds
[0m14:18:39.338167 [debug] [MainThread]: Sending event: {'category': 'dbt', 'action': 'invocation', 'label': 'end', 'context': [<snowplow_tracker.self_describing_json.SelfDescribingJson object at 0x000002518029F7A0>, <snowplow_tracker.self_describing_json.SelfDescribingJson object at 0x00000251FFEEBBF0>, <snowplow_tracker.self_describing_json.SelfDescribingJson object at 0x00000251802935F0>]}
[0m14:18:39.339521 [debug] [MainThread]: Flushing usage events
[0m14:18:40.171019 [debug] [MainThread]: An error was encountered while trying to flush usage events
